1658258011414	geckodriver	INFO	Listening on 127.0.0.1:60188
1658258014460	mozrunner::runner	INFO	Running command: "C:\\Program Files\\Mozilla Firefox\\firefox.exe" "--marionette" "--remote-debugging-port" "60189" "--remote-allow-hosts" "localhost" "-no-remote" "-profile" "C:\\Users\\THAISA~1.AGU\\AppData\\Local\\Temp\\rust_mozprofilexswOpP"
1658258014772	Marionette	INFO	Marionette enabled
WebDriver BiDi listening on ws://localhost:60189
console.warn: SearchSettings: "get: No settings file exists, new profile?" (new NotFoundError("Could not open the file at C:\\Users\\THAISA~1.AGU\\AppData\\Local\\Temp\\rust_mozprofilexswOpP\\search.json.mozlz4", (void 0)))
1658258016912	Marionette	INFO	Listening on port 60212
DevTools listening on ws://localhost:60189/devtools/browser/c66b031c-f8be-41be-8cf4-0d4304e922a1
Read port: 60212
1658258017037	RemoteAgent	WARN	TLS certificate errors will be ignored for this session
1658258017829	Marionette	INFO	Stopped listening on port 60212

###!!! [Child][PContentChild] Error: Send(msgname=PHttpChannel::Msg_DeletingChannel) Channel closing: too late to send/recv, messages will be lost


###!!! [Child][PContentChild] Error: Send(msgname=PHttpChannel::Msg_Cancel) Channel closing: too late to send/recv, messages will be lost


###!!! [Child][PContentChild] Error: Send(msgname=PHttpChannel::Msg_DeletingChannel) Channel closing: too late to send/recv, messages will be lost


###!!! [Child][PContentChild] Error: RunMessage(msgname=PContent::Reply_DiscardBrowsingContext) Channel closing: too late to send/recv, messages will be lost


###!!! [Child][PContentChild] Error: RunMessage(msgname=PHttpChannel::Msg_DeleteSelf) Channel closing: too late to send/recv, messages will be lost


###!!! [Child][PContentChild] Error: RunMessage(msgname=PHttpChannel::Msg_DeleteSelf) Channel closing: too late to send/recv, messages will be lost


###!!! [Child][PContentChild] Error: RunMessage(msgname=PHttpChannel::Msg_DeleteSelf) Channel closing: too late to send/recv, messages will be lost


###!!! [Child][PContentChild] Error: RunMessage(msgname=PHttpChannel::Msg_DeleteSelf) Channel closing: too late to send/recv, messages will be lost


###!!! [Child][PContentChild] Error: RunMessage(msgname=PHttpChannel::Msg_DeleteSelf) Channel closing: too late to send/recv, messages will be lost


###!!! [Child][PContentChild] Error: RunMessage(msgname=PHttpChannel::Msg_DeleteSelf) Channel closing: too late to send/recv, messages will be lost


###!!! [Child][PContentChild] Error: RunMessage(msgname=PHttpChannel::Msg_DeleteSelf) Channel closing: too late to send/recv, messages will be lost


###!!! [Child][PContentChild] Error: RunMessage(msgname=PHttpChannel::Msg_DeleteSelf) Channel closing: too late to send/recv, messages will be lost


###!!! [Child][PContentChild] Error: RunMessage(msgname=PHttpChannel::Msg_DeleteSelf) Channel closing: too late to send/recv, messages will be lost


###!!! [Parent][PContentParent] Error: Send(msgname=PContent::Msg_DestroyBrowsingContextGroup) Closed channel: cannot send/recv

JavaScript error: resource://gre/modules/Sqlite.jsm, line 1105: Error: Sqlite.jsm has been shutdown. Cannot open connection to: C:\Users\THAISA~1.AGU\AppData\Local\Temp\rust_mozprofilexswOpP\protections.sqlite
