1656361462900	geckodriver	INFO	Listening on 127.0.0.1:57961
1656361465955	mozrunner::runner	INFO	Running command: "C:\\Program Files\\Mozilla Firefox\\firefox.exe" "--marionette" "--remote-debugging-port" "57962" "--remote-allow-hosts" "localhost" "-no-remote" "-profile" "C:\\Users\\THAISA~1.AGU\\AppData\\Local\\Temp\\rust_mozprofileyL6WEU"
1656361466513	Marionette	INFO	Marionette enabled
WebDriver BiDi listening on ws://localhost:57962
console.warn: SearchSettings: "get: No settings file exists, new profile?" (new NotFoundError("Could not open the file at C:\\Users\\THAISA~1.AGU\\AppData\\Local\\Temp\\rust_mozprofileyL6WEU\\search.json.mozlz4", (void 0)))
1656361468620	Marionette	INFO	Listening on port 57980
DevTools listening on ws://localhost:57962/devtools/browser/2d00020f-ca16-4d9a-b77a-d43274158082
Read port: 57980
1656361468717	RemoteAgent	WARN	TLS certificate errors will be ignored for this session
1656361476147	Marionette	INFO	Stopped listening on port 57980
JavaScript error: resource://gre/modules/AsyncShutdown.jsm, line 575: OperationError: Could not move temporary file(C:\Users\THAISA~1.AGU\AppData\Local\Temp\rust_mozprofileyL6WEU\sessionCheckpoints.json.tmp) to destination(C:\Users\THAISA~1.AGU\AppData\Local\Temp\rust_mozprofileyL6WEU\sessionCheckpoints.json)

###!!! [Parent][PContentParent] Error: Send(msgname=PContent::Reply_DiscardBrowsingContext) Closed channel: cannot send/recv


###!!! [Parent][PContentParent] Error: Send(msgname=PContent::Reply_DiscardBrowsingContext) Closed channel: cannot send/recv


###!!! [Parent][PContentParent] Error: Send(msgname=PContent::Reply_DiscardBrowsingContext) Closed channel: cannot send/recv


###!!! [Child][PContentChild] Error: Send(msgname=PHttpChannel::Msg_Cancel) Channel closing: too late to send/recv, messages will be lost


###!!! [Child][PContentChild] Error: Send(msgname=PHttpChannel::Msg_DeletingChannel) Channel closing: too late to send/recv, messages will be lost


###!!! [Child][PContentChild] Error: RunMessage(msgname=PContent::Msg_DiscardBrowsingContext) Channel closing: too late to send/recv, messages will be lost


###!!! [Child][PContentChild] Error: RunMessage(msgname=PContent::Msg_DiscardBrowsingContext) Channel closing: too late to send/recv, messages will be lost


###!!! [Child][PContentChild] Error: RunMessage(msgname=PContent::Msg_DiscardBrowsingContext) Channel closing: too late to send/recv, messages will be lost


###!!! [Child][PContentChild] Error: RunMessage(msgname=PContent::Reply_DiscardBrowsingContext) Channel closing: too late to send/recv, messages will be lost


###!!! [Child][PContentChild] Error: RunMessage(msgname=PHttpChannel::Msg_DeleteSelf) Channel closing: too late to send/recv, messages will be lost


###!!! [Child][PContentChild] Error: RunMessage(msgname=PHttpChannel::Msg_DeleteSelf) Channel closing: too late to send/recv, messages will be lost


###!!! [Child][PContentChild] Error: RunMessage(msgname=PHttpChannel::Msg_DeleteSelf) Channel closing: too late to send/recv, messages will be lost


###!!! [Child][PContentChild] Error: RunMessage(msgname=PHttpChannel::Msg_DeleteSelf) Channel closing: too late to send/recv, messages will be lost


###!!! [Child][PContentChild] Error: RunMessage(msgname=PHttpChannel::Msg_DeleteSelf) Channel closing: too late to send/recv, messages will be lost


###!!! [Child][PContentChild] Error: RunMessage(msgname=PHttpChannel::Msg_DeleteSelf) Channel closing: too late to send/recv, messages will be lost


###!!! [Child][PContentChild] Error: RunMessage(msgname=PHttpChannel::Msg_DeleteSelf) Channel closing: too late to send/recv, messages will be lost


###!!! [Child][PContentChild] Error: RunMessage(msgname=PHttpChannel::Msg_DeleteSelf) Channel closing: too late to send/recv, messages will be lost


###!!! [Parent][PContentParent] Error: Send(msgname=PContent::Msg_DestroyBrowsingContextGroup) Closed channel: cannot send/recv


###!!! [Parent][PCompositorManagerParent] Error: RunMessage(msgname=PCompositorManager::Msg_RemoveSharedSurface) Channel error: cannot send/recv


###!!! [Parent][PCompositorManagerParent] Error: RunMessage(msgname=PCompositorManager::Msg_RemoveSharedSurface) Channel error: cannot send/recv


###!!! [Parent][PCompositorManagerParent] Error: RunMessage(msgname=PCompositorManager::Msg_RemoveSharedSurface) Channel error: cannot send/recv


###!!! [Parent][PCompositorManagerParent] Error: RunMessage(msgname=PCompositorManager::Msg_RemoveSharedSurface) Channel error: cannot send/recv


###!!! [Parent][PCompositorManagerParent] Error: RunMessage(msgname=PCompositorManager::Msg_RemoveSharedSurface) Channel error: cannot send/recv


###!!! [Parent][PCompositorManagerParent] Error: RunMessage(msgname=PCompositorManager::Msg_RemoveSharedSurface) Channel error: cannot send/recv


###!!! [Parent][PCompositorManagerParent] Error: RunMessage(msgname=PCompositorManager::Msg_RemoveSharedSurface) Channel error: cannot send/recv


###!!! [Parent][PCompositorManagerParent] Error: RunMessage(msgname=PCompositorManager::Msg_RemoveSharedSurface) Channel error: cannot send/recv


###!!! [Parent][PCompositorManagerParent] Error: RunMessage(msgname=PCompositorManager::Msg_RemoveSharedSurface) Channel error: cannot send/recv


###!!! [Parent][PCompositorManagerParent] Error: RunMessage(msgname=PCompositorManager::Msg_RemoveSharedSurface) Channel error: cannot send/recv


###!!! [Parent][PCompositorManagerParent] Error: RunMessage(msgname=PCompositorManager::Msg_RemoveSharedSurface) Channel error: cannot send/recv


###!!! [Parent][PCompositorManagerParent] Error: RunMessage(msgname=PCompositorManager::Msg_RemoveSharedSurface) Channel error: cannot send/recv


###!!! [Parent][PCompositorManagerParent] Error: RunMessage(msgname=PCompositorManager::Msg_RemoveSharedSurface) Channel error: cannot send/recv


###!!! [Parent][PCompositorManagerParent] Error: RunMessage(msgname=PCompositorManager::Msg_RemoveSharedSurface) Channel error: cannot send/recv


###!!! [Parent][PCompositorManagerParent] Error: RunMessage(msgname=PCompositorManager::Msg_RemoveSharedSurface) Channel error: cannot send/recv


###!!! [Parent][PCompositorManagerParent] Error: RunMessage(msgname=PCompositorManager::Msg_RemoveSharedSurface) Channel error: cannot send/recv


###!!! [Parent][PCompositorManagerParent] Error: RunMessage(msgname=PCompositorManager::Msg_RemoveSharedSurface) Channel error: cannot send/recv


###!!! [Parent][PCompositorManagerParent] Error: RunMessage(msgname=PCompositorManager::Msg_RemoveSharedSurface) Channel error: cannot send/recv


###!!! [Parent][PCompositorManagerParent] Error: RunMessage(msgname=PCompositorManager::Msg_RemoveSharedSurface) Channel error: cannot send/recv


###!!! [Parent][PCompositorManagerParent] Error: RunMessage(msgname=PCompositorManager::Msg_RemoveSharedSurface) Channel error: cannot send/recv


###!!! [Parent][PCompositorManagerParent] Error: RunMessage(msgname=PCompositorManager::Msg_RemoveSharedSurface) Channel error: cannot send/recv


###!!! [Parent][PCompositorManagerParent] Error: RunMessage(msgname=PCompositorManager::Msg_RemoveSharedSurface) Channel error: cannot send/recv


###!!! [Parent][PCompositorManagerParent] Error: RunMessage(msgname=PCompositorManager::Msg_RemoveSharedSurface) Channel error: cannot send/recv


###!!! [Parent][PCompositorManagerParent] Error: RunMessage(msgname=PCompositorManager::Msg_RemoveSharedSurface) Channel error: cannot send/recv


###!!! [Parent][PCompositorManagerParent] Error: RunMessage(msgname=PCompositorManager::Msg_RemoveSharedSurface) Channel error: cannot send/recv


###!!! [Parent][PCompositorManagerParent] Error: RunMessage(msgname=PCompositorManager::Msg_RemoveSharedSurface) Channel error: cannot send/recv


###!!! [Parent][PCompositorManagerParent] Error: RunMessage(msgname=PCompositorManager::Msg_RemoveSharedSurface) Channel error: cannot send/recv


###!!! [Parent][PCompositorManagerParent] Error: RunMessage(msgname=PCompositorManager::Msg_RemoveSharedSurface) Channel error: cannot send/recv


###!!! [Parent][PCompositorManagerParent] Error: RunMessage(msgname=PCompositorManager::Msg_RemoveSharedSurface) Channel error: cannot send/recv


###!!! [Parent][PCompositorManagerParent] Error: RunMessage(msgname=PCompositorManager::Msg_RemoveSharedSurface) Channel error: cannot send/recv


###!!! [Parent][PCompositorManagerParent] Error: RunMessage(msgname=PCompositorManager::Msg_RemoveSharedSurface) Channel error: cannot send/recv


###!!! [Parent][PCompositorManagerParent] Error: RunMessage(msgname=PCompositorManager::Msg_RemoveSharedSurface) Channel error: cannot send/recv


###!!! [Parent][PCompositorManagerParent] Error: RunMessage(msgname=PAPZ::Msg___delete__) Channel error: cannot send/recv

JavaScript error: resource://gre/modules/Sqlite.jsm, line 1105: Error: Sqlite.jsm has been shutdown. Cannot open connection to: C:\Users\THAISA~1.AGU\AppData\Local\Temp\rust_mozprofileyL6WEU\protections.sqlite

###!!! [Parent][PGPUParent] Error: RunMessage(msgname=PGPU::Msg_ShutdownVR) Channel closing: too late to send/recv, messages will be lost

